  main.cpp
e:\users\kris\documents\college\fifth year onedrive\onedrive\fifth year - computers\cs7057 - real-time physics\assignments\code\real-time-physics-a3\a3\a3\antons_maths_funcs.h(509): warning C4244: 'return': conversion from 'double' to 'float', possible loss of data
e:\users\kris\documents\college\fifth year onedrive\onedrive\fifth year - computers\cs7057 - real-time physics\assignments\code\real-time-physics-a3\a3\a3\antons_maths_funcs.h(513): warning C4244: 'initializing': conversion from 'double' to 'float', possible loss of data
e:\users\kris\documents\college\fifth year onedrive\onedrive\fifth year - computers\cs7057 - real-time physics\assignments\code\real-time-physics-a3\a3\a3\antons_maths_funcs.h(708): warning C4244: 'initializing': conversion from 'double' to 'float', possible loss of data
e:\users\kris\documents\college\fifth year onedrive\onedrive\fifth year - computers\cs7057 - real-time physics\assignments\code\real-time-physics-a3\a3\a3\antons_maths_funcs.h(720): warning C4244: 'initializing': conversion from 'double' to 'float', possible loss of data
e:\users\kris\documents\college\fifth year onedrive\onedrive\fifth year - computers\cs7057 - real-time physics\assignments\code\real-time-physics-a3\a3\a3\antons_maths_funcs.h(732): warning C4244: 'initializing': conversion from 'double' to 'float', possible loss of data
e:\users\kris\documents\college\fifth year onedrive\onedrive\fifth year - computers\cs7057 - real-time physics\assignments\code\real-time-physics-a3\a3\a3\antons_maths_funcs.h(780): warning C4244: 'initializing': conversion from 'double' to 'float', possible loss of data
e:\users\kris\documents\college\fifth year onedrive\onedrive\fifth year - computers\cs7057 - real-time physics\assignments\code\real-time-physics-a3\a3\a3\antons_maths_funcs.h(797): warning C4244: '=': conversion from 'double' to 'float', possible loss of data
e:\users\kris\documents\college\fifth year onedrive\onedrive\fifth year - computers\cs7057 - real-time physics\assignments\code\real-time-physics-a3\a3\a3\antons_maths_funcs.h(798): warning C4244: '=': conversion from 'double' to 'float', possible loss of data
e:\users\kris\documents\college\fifth year onedrive\onedrive\fifth year - computers\cs7057 - real-time physics\assignments\code\real-time-physics-a3\a3\a3\antons_maths_funcs.h(799): warning C4244: '=': conversion from 'double' to 'float', possible loss of data
e:\users\kris\documents\college\fifth year onedrive\onedrive\fifth year - computers\cs7057 - real-time physics\assignments\code\real-time-physics-a3\a3\a3\antons_maths_funcs.h(800): warning C4244: '=': conversion from 'double' to 'float', possible loss of data
e:\users\kris\documents\college\fifth year onedrive\onedrive\fifth year - computers\cs7057 - real-time physics\assignments\code\real-time-physics-a3\a3\a3\antons_maths_funcs.h(805): warning C4244: 'argument': conversion from 'double' to 'float', possible loss of data
e:\users\kris\documents\college\fifth year onedrive\onedrive\fifth year - computers\cs7057 - real-time physics\assignments\code\real-time-physics-a3\a3\a3\camera.h(129): warning C4244: 'return': conversion from 'double' to 'GLfloat', possible loss of data
e:\users\kris\documents\college\fifth year onedrive\onedrive\fifth year - computers\cs7057 - real-time physics\assignments\code\real-time-physics-a3\a3\a3\planerotation.h(15): warning C4244: 'return': conversion from 'double' to 'GLfloat', possible loss of data
e:\users\kris\documents\college\fifth year onedrive\onedrive\fifth year - computers\cs7057 - real-time physics\assignments\code\real-time-physics-a3\a3\a3\rigidbody.h(169): warning C4305: 'initializing': truncation from 'double' to 'float'
e:\users\kris\documents\college\fifth year onedrive\onedrive\fifth year - computers\cs7057 - real-time physics\assignments\code\real-time-physics-a3\a3\a3\rigidbody.h(170): warning C4305: 'initializing': truncation from 'double' to 'float'
e:\users\kris\documents\college\fifth year onedrive\onedrive\fifth year - computers\cs7057 - real-time physics\assignments\code\real-time-physics-a3\a3\a3\rigidbody.h(177): warning C4018: '<': signed/unsigned mismatch
e:\users\kris\documents\college\fifth year onedrive\onedrive\fifth year - computers\cs7057 - real-time physics\assignments\code\real-time-physics-a3\a3\a3\main.cpp(405): warning C4244: '=': conversion from 'int' to 'GLfloat', possible loss of data
e:\users\kris\documents\college\fifth year onedrive\onedrive\fifth year - computers\cs7057 - real-time physics\assignments\code\real-time-physics-a3\a3\a3\main.cpp(406): warning C4244: '=': conversion from 'int' to 'GLfloat', possible loss of data
e:\users\kris\documents\college\fifth year onedrive\onedrive\fifth year - computers\cs7057 - real-time physics\assignments\code\real-time-physics-a3\a3\a3\main.cpp(413): warning C4244: '=': conversion from 'int' to 'GLfloat', possible loss of data
e:\users\kris\documents\college\fifth year onedrive\onedrive\fifth year - computers\cs7057 - real-time physics\assignments\code\real-time-physics-a3\a3\a3\main.cpp(414): warning C4244: '=': conversion from 'int' to 'GLfloat', possible loss of data
e:\users\kris\documents\college\fifth year onedrive\onedrive\fifth year - computers\cs7057 - real-time physics\assignments\code\real-time-physics-a3\a3\a3\main.cpp(428): warning C4244: 'argument': conversion from 'time_t' to 'unsigned int', possible loss of data
  A3.vcxproj -> E:\Users\Kris\Documents\College\Fifth Year OneDrive\OneDrive\Fifth Year - Computers\CS7057 - Real-Time Physics\Assignments\Code\Real-Time-Physics-A3\A3\Debug\A3.exe
