  main.cpp
e:\users\kris\documents\college\fifth year onedrive\onedrive\fifth year - computers\cs7057 - real-time physics\assignments\code\real-time-physics-a3\a3\a3\Antons_maths_funcs.h(509): warning C4244: 'return': conversion from 'double' to 'float', possible loss of data
e:\users\kris\documents\college\fifth year onedrive\onedrive\fifth year - computers\cs7057 - real-time physics\assignments\code\real-time-physics-a3\a3\a3\Antons_maths_funcs.h(513): warning C4244: 'initializing': conversion from 'double' to 'float', possible loss of data
e:\users\kris\documents\college\fifth year onedrive\onedrive\fifth year - computers\cs7057 - real-time physics\assignments\code\real-time-physics-a3\a3\a3\Antons_maths_funcs.h(708): warning C4244: 'initializing': conversion from 'double' to 'float', possible loss of data
e:\users\kris\documents\college\fifth year onedrive\onedrive\fifth year - computers\cs7057 - real-time physics\assignments\code\real-time-physics-a3\a3\a3\Antons_maths_funcs.h(720): warning C4244: 'initializing': conversion from 'double' to 'float', possible loss of data
e:\users\kris\documents\college\fifth year onedrive\onedrive\fifth year - computers\cs7057 - real-time physics\assignments\code\real-time-physics-a3\a3\a3\Antons_maths_funcs.h(732): warning C4244: 'initializing': conversion from 'double' to 'float', possible loss of data
e:\users\kris\documents\college\fifth year onedrive\onedrive\fifth year - computers\cs7057 - real-time physics\assignments\code\real-time-physics-a3\a3\a3\Antons_maths_funcs.h(780): warning C4244: 'initializing': conversion from 'double' to 'float', possible loss of data
e:\users\kris\documents\college\fifth year onedrive\onedrive\fifth year - computers\cs7057 - real-time physics\assignments\code\real-time-physics-a3\a3\a3\Antons_maths_funcs.h(797): warning C4244: '=': conversion from 'double' to 'float', possible loss of data
e:\users\kris\documents\college\fifth year onedrive\onedrive\fifth year - computers\cs7057 - real-time physics\assignments\code\real-time-physics-a3\a3\a3\Antons_maths_funcs.h(798): warning C4244: '=': conversion from 'double' to 'float', possible loss of data
e:\users\kris\documents\college\fifth year onedrive\onedrive\fifth year - computers\cs7057 - real-time physics\assignments\code\real-time-physics-a3\a3\a3\Antons_maths_funcs.h(799): warning C4244: '=': conversion from 'double' to 'float', possible loss of data
e:\users\kris\documents\college\fifth year onedrive\onedrive\fifth year - computers\cs7057 - real-time physics\assignments\code\real-time-physics-a3\a3\a3\Antons_maths_funcs.h(800): warning C4244: '=': conversion from 'double' to 'float', possible loss of data
e:\users\kris\documents\college\fifth year onedrive\onedrive\fifth year - computers\cs7057 - real-time physics\assignments\code\real-time-physics-a3\a3\a3\Antons_maths_funcs.h(805): warning C4244: 'argument': conversion from 'double' to 'float', possible loss of data
e:\users\kris\documents\college\fifth year onedrive\onedrive\fifth year - computers\cs7057 - real-time physics\assignments\code\real-time-physics-a3\a3\a3\Camera.h(129): warning C4244: 'return': conversion from 'double' to 'GLfloat', possible loss of data
e:\users\kris\documents\college\fifth year onedrive\onedrive\fifth year - computers\cs7057 - real-time physics\assignments\code\real-time-physics-a3\a3\a3\RigidBody.h(169): warning C4305: 'initializing': truncation from 'double' to 'float'
e:\users\kris\documents\college\fifth year onedrive\onedrive\fifth year - computers\cs7057 - real-time physics\assignments\code\real-time-physics-a3\a3\a3\RigidBody.h(170): warning C4305: 'initializing': truncation from 'double' to 'float'
e:\users\kris\documents\college\fifth year onedrive\onedrive\fifth year - computers\cs7057 - real-time physics\assignments\code\real-time-physics-a3\a3\a3\RigidBody.h(177): warning C4018: '<': signed/unsigned mismatch
main.cpp(266): warning C4018: '<': signed/unsigned mismatch
main.cpp(433): warning C4244: '=': conversion from 'int' to 'GLfloat', possible loss of data
main.cpp(434): warning C4244: '=': conversion from 'int' to 'GLfloat', possible loss of data
main.cpp(441): warning C4244: '=': conversion from 'int' to 'GLfloat', possible loss of data
main.cpp(442): warning C4244: '=': conversion from 'int' to 'GLfloat', possible loss of data
main.cpp(456): warning C4244: 'argument': conversion from 'time_t' to 'unsigned int', possible loss of data
  text.cpp
text.cpp(74): warning C4244: '=': conversion from 'double' to 'float', possible loss of data
text.cpp(268): warning C4244: '=': conversion from 'double' to 'float', possible loss of data
text.cpp(269): warning C4244: '=': conversion from 'double' to 'float', possible loss of data
text.cpp(298): warning C4244: '=': conversion from 'double' to 'float', possible loss of data
text.cpp(300): warning C4244: '=': conversion from 'double' to 'float', possible loss of data
text.cpp(301): warning C4244: '=': conversion from 'double' to 'float', possible loss of data
text.cpp(302): warning C4244: '=': conversion from 'double' to 'float', possible loss of data
text.cpp(304): warning C4244: '=': conversion from 'double' to 'float', possible loss of data
text.cpp(305): warning C4244: '=': conversion from 'double' to 'float', possible loss of data
text.cpp(306): warning C4244: '=': conversion from 'double' to 'float', possible loss of data
text.cpp(307): warning C4244: '=': conversion from 'double' to 'float', possible loss of data
text.cpp(309): warning C4244: '=': conversion from 'double' to 'float', possible loss of data
  Generating code
  All 761 functions were compiled because no usable IPDB/IOBJ from previous compilation was found.
  Finished generating code
  A3.vcxproj -> E:\Users\Kris\Documents\College\Fifth Year OneDrive\OneDrive\Fifth Year - Computers\CS7057 - Real-Time Physics\Assignments\Code\Real-Time-Physics-A3\A3\Release\A3.exe
